{"src\\js\\scaffolding.js":{"path":"src\\js\\scaffolding.js","s":{"1":1,"2":1,"3":1,"4":1},"b":{"1":[1,1]},"f":{},"fnMap":{},"statementMap":{"1":{"start":{"line":3,"column":4},"end":{"line":3,"column":92}},"2":{"start":{"line":6,"column":4},"end":{"line":10,"column":6}},"3":{"start":{"line":12,"column":4},"end":{"line":14,"column":6}},"4":{"start":{"line":16,"column":4},"end":{"line":16,"column":129}}},"branchMap":{"1":{"line":3,"type":"binary-expr","locations":[{"start":{"line":3,"column":59},"end":{"line":3,"column":85}},{"start":{"line":3,"column":89},"end":{"line":3,"column":91}}]}}},"src\\js\\GeolocationActions.js":{"path":"src\\js\\GeolocationActions.js","s":{"1":1,"2":1,"3":1,"4":1,"5":1,"6":1,"7":1,"8":1,"9":1,"10":0,"11":0,"12":0,"13":0,"14":0,"15":0,"16":0,"17":0,"18":0,"19":0,"20":0},"b":{"1":[1,0],"2":[1,0],"3":[1,0],"4":[1,0],"5":[0,1],"6":[1,0],"7":[0,0],"8":[0,0]},"f":{"1":1,"2":0,"3":0,"4":0,"5":0,"6":0},"fnMap":{"1":{"name":"(anonymous_1)","line":20,"loc":{"start":{"line":20,"column":25},"end":{"line":20,"column":81}}},"2":{"name":"(anonymous_2)","line":26,"loc":{"start":{"line":26,"column":62},"end":{"line":26,"column":72}}},"3":{"name":"(anonymous_3)","line":27,"loc":{"start":{"line":27,"column":62},"end":{"line":27,"column":72}}},"4":{"name":"(anonymous_4)","line":28,"loc":{"start":{"line":28,"column":62},"end":{"line":28,"column":72}}},"5":{"name":"(anonymous_5)","line":47,"loc":{"start":{"line":47,"column":4},"end":{"line":47,"column":23}}},"6":{"name":"(anonymous_6)","line":59,"loc":{"start":{"line":59,"column":4},"end":{"line":59,"column":15}}}},"statementMap":{"1":{"start":{"line":20,"column":0},"end":{"line":66,"column":2}},"2":{"start":{"line":23,"column":2},"end":{"line":23,"column":63}},"3":{"start":{"line":26,"column":2},"end":{"line":26,"column":75}},"4":{"start":{"line":27,"column":2},"end":{"line":27,"column":75}},"5":{"start":{"line":28,"column":2},"end":{"line":28,"column":75}},"6":{"start":{"line":31,"column":2},"end":{"line":31,"column":43}},"7":{"start":{"line":34,"column":2},"end":{"line":37,"column":3}},"8":{"start":{"line":35,"column":4},"end":{"line":35,"column":16}},"9":{"start":{"line":36,"column":4},"end":{"line":36,"column":17}},"10":{"start":{"line":41,"column":2},"end":{"line":41,"column":48}},"11":{"start":{"line":44,"column":2},"end":{"line":64,"column":4}},"12":{"start":{"line":48,"column":6},"end":{"line":48,"column":47}},"13":{"start":{"line":49,"column":6},"end":{"line":49,"column":48}},"14":{"start":{"line":51,"column":6},"end":{"line":55,"column":7}},"15":{"start":{"line":52,"column":8},"end":{"line":52,"column":20}},"16":{"start":{"line":53,"column":8},"end":{"line":53,"column":35}},"17":{"start":{"line":54,"column":8},"end":{"line":54,"column":20}},"18":{"start":{"line":60,"column":6},"end":{"line":60,"column":18}},"19":{"start":{"line":61,"column":6},"end":{"line":61,"column":33}},"20":{"start":{"line":62,"column":6},"end":{"line":62,"column":19}}},"branchMap":{"1":{"line":23,"type":"cond-expr","locations":[{"start":{"line":23,"column":48},"end":{"line":23,"column":57}},{"start":{"line":23,"column":60},"end":{"line":23,"column":62}}]},"2":{"line":26,"type":"cond-expr","locations":[{"start":{"line":26,"column":50},"end":{"line":26,"column":59}},{"start":{"line":26,"column":62},"end":{"line":26,"column":74}}]},"3":{"line":27,"type":"cond-expr","locations":[{"start":{"line":27,"column":50},"end":{"line":27,"column":59}},{"start":{"line":27,"column":62},"end":{"line":27,"column":74}}]},"4":{"line":28,"type":"cond-expr","locations":[{"start":{"line":28,"column":50},"end":{"line":28,"column":59}},{"start":{"line":28,"column":62},"end":{"line":28,"column":74}}]},"5":{"line":31,"type":"cond-expr","locations":[{"start":{"line":31,"column":32},"end":{"line":31,"column":33}},{"start":{"line":31,"column":36},"end":{"line":31,"column":42}}]},"6":{"line":34,"type":"if","locations":[{"start":{"line":34,"column":2},"end":{"line":34,"column":2}},{"start":{"line":34,"column":2},"end":{"line":34,"column":2}}]},"7":{"line":51,"type":"if","locations":[{"start":{"line":51,"column":6},"end":{"line":51,"column":6}},{"start":{"line":51,"column":6},"end":{"line":51,"column":6}}]},"8":{"line":51,"type":"binary-expr","locations":[{"start":{"line":51,"column":10},"end":{"line":51,"column":23}},{"start":{"line":51,"column":27},"end":{"line":51,"column":40}}]}}},"src\\js\\GeolocationMap.js":{"path":"src\\js\\GeolocationMap.js","s":{"1":1,"2":0,"3":0,"4":0,"5":0,"6":0,"7":0,"8":0,"9":0,"10":0},"b":{"1":[0,0],"2":[0,0]},"f":{"1":0,"2":0},"fnMap":{"1":{"name":"(anonymous_1)","line":1,"loc":{"start":{"line":1,"column":21},"end":{"line":1,"column":47}}},"2":{"name":"(anonymous_2)","line":26,"loc":{"start":{"line":26,"column":12},"end":{"line":26,"column":29}}}},"statementMap":{"1":{"start":{"line":1,"column":0},"end":{"line":38,"column":2}},"2":{"start":{"line":6,"column":2},"end":{"line":19,"column":4}},"3":{"start":{"line":21,"column":2},"end":{"line":24,"column":4}},"4":{"start":{"line":26,"column":2},"end":{"line":34,"column":4}},"5":{"start":{"line":27,"column":4},"end":{"line":30,"column":5}},"6":{"start":{"line":29,"column":6},"end":{"line":29,"column":19}},"7":{"start":{"line":31,"column":4},"end":{"line":31,"column":64}},"8":{"start":{"line":32,"column":4},"end":{"line":32,"column":22}},"9":{"start":{"line":33,"column":4},"end":{"line":33,"column":16}},"10":{"start":{"line":36,"column":2},"end":{"line":36,"column":13}}},"branchMap":{"1":{"line":27,"type":"if","locations":[{"start":{"line":27,"column":4},"end":{"line":27,"column":4}},{"start":{"line":27,"column":4},"end":{"line":27,"column":4}}]},"2":{"line":27,"type":"binary-expr","locations":[{"start":{"line":27,"column":8},"end":{"line":27,"column":38}},{"start":{"line":28,"column":8},"end":{"line":28,"column":38}}]}}},"src\\js\\getGeolocation.js":{"path":"src\\js\\getGeolocation.js","s":{"1":1,"2":1,"3":1,"4":1,"5":0,"6":0,"7":1},"b":{},"f":{"1":1,"2":0,"3":0,"4":1},"fnMap":{"1":{"name":"(anonymous_1)","line":2,"loc":{"start":{"line":2,"column":39},"end":{"line":2,"column":81}}},"2":{"name":"(anonymous_2)","line":13,"loc":{"start":{"line":13,"column":4},"end":{"line":13,"column":14}}},"3":{"name":"(anonymous_3)","line":14,"loc":{"start":{"line":14,"column":4},"end":{"line":14,"column":14}}},"4":{"name":"(anonymous_4)","line":15,"loc":{"start":{"line":15,"column":4},"end":{"line":15,"column":14}}}},"statementMap":{"1":{"start":{"line":2,"column":2},"end":{"line":8,"column":4}},"2":{"start":{"line":4,"column":4},"end":{"line":4,"column":36}},"3":{"start":{"line":6,"column":4},"end":{"line":6,"column":104}},"4":{"start":{"line":12,"column":2},"end":{"line":16,"column":4}},"5":{"start":{"line":13,"column":16},"end":{"line":13,"column":69}},"6":{"start":{"line":14,"column":16},"end":{"line":14,"column":79}},"7":{"start":{"line":15,"column":16},"end":{"line":15,"column":70}}},"branchMap":{}},"src\\js\\insertMap.js":{"path":"src\\js\\insertMap.js","s":{"1":1,"2":0,"3":0,"4":0,"5":0,"6":0,"7":0,"8":0,"9":0,"10":0,"11":1,"12":0,"13":0,"14":0,"15":0,"16":0},"b":{"1":[0,0],"2":[0,0]},"f":{"1":0,"2":0},"fnMap":{"1":{"name":"(anonymous_1)","line":1,"loc":{"start":{"line":1,"column":34},"end":{"line":1,"column":56}}},"2":{"name":"(anonymous_2)","line":25,"loc":{"start":{"line":25,"column":32},"end":{"line":25,"column":44}}}},"statementMap":{"1":{"start":{"line":1,"column":2},"end":{"line":23,"column":4}},"2":{"start":{"line":3,"column":4},"end":{"line":5,"column":5}},"3":{"start":{"line":4,"column":6},"end":{"line":4,"column":19}},"4":{"start":{"line":8,"column":4},"end":{"line":8,"column":35}},"5":{"start":{"line":11,"column":4},"end":{"line":11,"column":50}},"6":{"start":{"line":14,"column":4},"end":{"line":14,"column":50}},"7":{"start":{"line":15,"column":4},"end":{"line":15,"column":29}},"8":{"start":{"line":16,"column":4},"end":{"line":16,"column":24}},"9":{"start":{"line":19,"column":4},"end":{"line":19,"column":65}},"10":{"start":{"line":21,"column":4},"end":{"line":21,"column":16}},"11":{"start":{"line":25,"column":2},"end":{"line":33,"column":4}},"12":{"start":{"line":26,"column":4},"end":{"line":26,"column":56}},"13":{"start":{"line":27,"column":4},"end":{"line":27,"column":62}},"14":{"start":{"line":29,"column":4},"end":{"line":29,"column":57}},"15":{"start":{"line":30,"column":4},"end":{"line":30,"column":68}},"16":{"start":{"line":32,"column":4},"end":{"line":32,"column":60}}},"branchMap":{"1":{"line":3,"type":"if","locations":[{"start":{"line":3,"column":4},"end":{"line":3,"column":4}},{"start":{"line":3,"column":4},"end":{"line":3,"column":4}}]},"2":{"line":11,"type":"binary-expr","locations":[{"start":{"line":11,"column":17},"end":{"line":11,"column":43}},{"start":{"line":11,"column":47},"end":{"line":11,"column":49}}]}}},"src\\js\\main.js":{"path":"src\\js\\main.js","s":{"1":1,"2":0,"3":0,"4":0,"5":0,"6":0,"7":0,"8":0,"9":0,"10":0,"11":0,"12":0,"13":1,"14":0,"15":0,"16":0,"17":0,"18":0,"19":0,"20":0,"21":0,"22":0,"23":0,"24":0,"25":0,"26":0,"27":1,"28":1,"29":0,"30":0,"31":0,"32":0,"33":0,"34":0,"35":0,"36":0,"37":0,"38":0,"39":0,"40":0,"41":0,"42":0,"43":0,"44":0,"45":0,"46":0,"47":0,"48":0,"49":0,"50":0,"51":0,"52":0,"53":0,"54":0,"55":0,"56":0,"57":0,"58":0,"59":0,"60":0,"61":0,"62":0,"63":0,"64":0,"65":0,"66":0,"67":0,"68":0,"69":0,"70":0,"71":0,"72":0,"73":0,"74":0,"75":0,"76":0,"77":0,"78":0,"79":0,"80":0,"81":0,"82":0,"83":0,"84":0,"85":0,"86":0,"87":0,"88":0,"89":0,"90":0,"91":0,"92":0,"93":0,"94":0,"95":0,"96":0,"97":0,"98":0,"99":0,"100":0,"101":0,"102":0,"103":0,"104":0,"105":0,"106":0,"107":0,"108":0,"109":0,"110":0,"111":0,"112":0,"113":0,"114":0,"115":0,"116":0,"117":0,"118":0,"119":0,"120":0,"121":0,"122":0,"123":0,"124":0,"125":0,"126":0,"127":0,"128":0,"129":0,"130":0,"131":0,"132":0,"133":0,"134":0,"135":0,"136":0,"137":0,"138":0,"139":0,"140":0,"141":0,"142":0,"143":0,"144":0,"145":0,"146":0,"147":0,"148":0,"149":0,"150":0,"151":0,"152":0,"153":0,"154":0,"155":0,"156":0,"157":0,"158":0,"159":0,"160":0,"161":0,"162":0,"163":0,"164":0,"165":0,"166":0,"167":0,"168":0,"169":0,"170":0,"171":0,"172":0,"173":0,"174":0,"175":0,"176":0,"177":0,"178":0,"179":0,"180":0,"181":0,"182":0,"183":0,"184":0,"185":0,"186":0,"187":0,"188":0,"189":0,"190":0,"191":0,"192":0,"193":0,"194":0,"195":0,"196":0,"197":0,"198":0,"199":0,"200":0,"201":0,"202":0,"203":0,"204":0,"205":0,"206":0,"207":0,"208":0,"209":0,"210":0,"211":0,"212":0,"213":0,"214":0,"215":0,"216":0,"217":0,"218":0,"219":0,"220":0,"221":0,"222":0,"223":0,"224":0,"225":0,"226":0},"b":{"1":[0,0],"2":[0,0],"3":[0,0],"4":[0,0],"5":[0,0],"6":[0,0],"7":[0,0],"8":[0,0],"9":[0,0],"10":[0,0],"11":[0,0],"12":[0,0],"13":[0,0],"14":[0,0],"15":[0,0],"16":[0,0],"17":[0,0],"18":[0,0],"19":[0,0],"20":[0,0,0,0],"21":[0,0],"22":[0,0],"23":[0,0],"24":[0,0],"25":[0,0],"26":[0,0],"27":[0,0],"28":[0,0],"29":[0,0],"30":[0,0],"31":[0,0],"32":[0,0],"33":[0,0],"34":[0,0],"35":[0,0],"36":[0,0],"37":[0,0],"38":[0,0],"39":[0,0],"40":[0,0]},"f":{"1":0,"2":0,"3":0,"4":0,"5":0,"6":0,"7":0,"8":0,"9":0,"10":0,"11":0,"12":0,"13":0,"14":0,"15":0,"16":0,"17":0,"18":0,"19":0,"20":0,"21":0,"22":0,"23":0,"24":0,"25":0,"26":0,"27":0,"28":0,"29":0,"30":0,"31":0,"32":0,"33":0,"34":0,"35":0,"36":0,"37":0,"38":0,"39":0},"fnMap":{"1":{"name":"(anonymous_1)","line":7,"loc":{"start":{"line":7,"column":11},"end":{"line":7,"column":41}}},"2":{"name":"(anonymous_2)","line":21,"loc":{"start":{"line":21,"column":11},"end":{"line":21,"column":34}}},"3":{"name":"(anonymous_3)","line":28,"loc":{"start":{"line":28,"column":11},"end":{"line":28,"column":31}}},"4":{"name":"(anonymous_4)","line":34,"loc":{"start":{"line":34,"column":35},"end":{"line":34,"column":45}}},"5":{"name":"(anonymous_5)","line":42,"loc":{"start":{"line":42,"column":13},"end":{"line":42,"column":38}}},"6":{"name":"(anonymous_6)","line":50,"loc":{"start":{"line":50,"column":21},"end":{"line":50,"column":44}}},"7":{"name":"(anonymous_7)","line":82,"loc":{"start":{"line":82,"column":30},"end":{"line":82,"column":47}}},"8":{"name":"(anonymous_8)","line":102,"loc":{"start":{"line":102,"column":17},"end":{"line":102,"column":27}}},"9":{"name":"(anonymous_9)","line":132,"loc":{"start":{"line":132,"column":49},"end":{"line":132,"column":60}}},"10":{"name":"(anonymous_10)","line":146,"loc":{"start":{"line":146,"column":19},"end":{"line":146,"column":29}}},"11":{"name":"(anonymous_11)","line":197,"loc":{"start":{"line":197,"column":28},"end":{"line":197,"column":46}}},"12":{"name":"(anonymous_12)","line":202,"loc":{"start":{"line":202,"column":33},"end":{"line":202,"column":43}}},"13":{"name":"(anonymous_13)","line":211,"loc":{"start":{"line":211,"column":34},"end":{"line":211,"column":49}}},"14":{"name":"(anonymous_14)","line":217,"loc":{"start":{"line":217,"column":27},"end":{"line":217,"column":37}}},"15":{"name":"(anonymous_15)","line":227,"loc":{"start":{"line":227,"column":22},"end":{"line":227,"column":32}}},"16":{"name":"(anonymous_16)","line":238,"loc":{"start":{"line":238,"column":36},"end":{"line":238,"column":46}}},"17":{"name":"(anonymous_17)","line":244,"loc":{"start":{"line":244,"column":19},"end":{"line":244,"column":32}}},"18":{"name":"(anonymous_18)","line":269,"loc":{"start":{"line":269,"column":10},"end":{"line":269,"column":25}}},"19":{"name":"(anonymous_19)","line":280,"loc":{"start":{"line":280,"column":8},"end":{"line":280,"column":23}}},"20":{"name":"(anonymous_20)","line":296,"loc":{"start":{"line":296,"column":34},"end":{"line":296,"column":48}}},"21":{"name":"(anonymous_21)","line":307,"loc":{"start":{"line":307,"column":9},"end":{"line":307,"column":19}}},"22":{"name":"(anonymous_22)","line":341,"loc":{"start":{"line":341,"column":8},"end":{"line":341,"column":18}}},"23":{"name":"(anonymous_23)","line":348,"loc":{"start":{"line":348,"column":27},"end":{"line":348,"column":37}}},"24":{"name":"(anonymous_24)","line":358,"loc":{"start":{"line":358,"column":21},"end":{"line":358,"column":31}}},"25":{"name":"(anonymous_25)","line":369,"loc":{"start":{"line":369,"column":14},"end":{"line":369,"column":24}}},"26":{"name":"(anonymous_26)","line":377,"loc":{"start":{"line":377,"column":18},"end":{"line":377,"column":32}}},"27":{"name":"(anonymous_27)","line":385,"loc":{"start":{"line":385,"column":23},"end":{"line":385,"column":37}}},"28":{"name":"(anonymous_28)","line":397,"loc":{"start":{"line":397,"column":10},"end":{"line":397,"column":23}}},"29":{"name":"(anonymous_29)","line":401,"loc":{"start":{"line":401,"column":8},"end":{"line":401,"column":22}}},"30":{"name":"(anonymous_30)","line":408,"loc":{"start":{"line":408,"column":8},"end":{"line":408,"column":22}}},"31":{"name":"(anonymous_31)","line":448,"loc":{"start":{"line":448,"column":8},"end":{"line":448,"column":18}}},"32":{"name":"(anonymous_32)","line":455,"loc":{"start":{"line":455,"column":35},"end":{"line":455,"column":45}}},"33":{"name":"(anonymous_33)","line":472,"loc":{"start":{"line":472,"column":10},"end":{"line":472,"column":30}}},"34":{"name":"(anonymous_34)","line":492,"loc":{"start":{"line":492,"column":8},"end":{"line":492,"column":23}}},"35":{"name":"(anonymous_35)","line":500,"loc":{"start":{"line":500,"column":25},"end":{"line":500,"column":35}}},"36":{"name":"(anonymous_36)","line":510,"loc":{"start":{"line":510,"column":23},"end":{"line":510,"column":38}}},"37":{"name":"(anonymous_37)","line":529,"loc":{"start":{"line":529,"column":19},"end":{"line":529,"column":39}}},"38":{"name":"(anonymous_38)","line":539,"loc":{"start":{"line":539,"column":8},"end":{"line":539,"column":18}}},"39":{"name":"(anonymous_39)","line":554,"loc":{"start":{"line":554,"column":8},"end":{"line":554,"column":18}}}},"statementMap":{"1":{"start":{"line":2,"column":0},"end":{"line":31,"column":2}},"2":{"start":{"line":8,"column":4},"end":{"line":8,"column":48}},"3":{"start":{"line":9,"column":4},"end":{"line":9,"column":50}},"4":{"start":{"line":11,"column":4},"end":{"line":13,"column":5}},"5":{"start":{"line":12,"column":5},"end":{"line":12,"column":29}},"6":{"start":{"line":14,"column":4},"end":{"line":14,"column":53}},"7":{"start":{"line":15,"column":4},"end":{"line":15,"column":70}},"8":{"start":{"line":17,"column":4},"end":{"line":17,"column":65}},"9":{"start":{"line":18,"column":4},"end":{"line":18,"column":15}},"10":{"start":{"line":22,"column":4},"end":{"line":22,"column":65}},"11":{"start":{"line":23,"column":4},"end":{"line":23,"column":15}},"12":{"start":{"line":29,"column":2},"end":{"line":29,"column":38}},"13":{"start":{"line":34,"column":0},"end":{"line":71,"column":4}},"14":{"start":{"line":36,"column":1},"end":{"line":36,"column":17}},"15":{"start":{"line":39,"column":1},"end":{"line":39,"column":24}},"16":{"start":{"line":42,"column":1},"end":{"line":47,"column":8}},"17":{"start":{"line":44,"column":8},"end":{"line":44,"column":66}},"18":{"start":{"line":46,"column":8},"end":{"line":46,"column":46}},"19":{"start":{"line":50,"column":4},"end":{"line":67,"column":12}},"20":{"start":{"line":52,"column":8},"end":{"line":66,"column":13}},"21":{"start":{"line":54,"column":12},"end":{"line":65,"column":15}},"22":{"start":{"line":56,"column":16},"end":{"line":56,"column":34}},"23":{"start":{"line":59,"column":16},"end":{"line":61,"column":17}},"24":{"start":{"line":60,"column":17},"end":{"line":60,"column":41}},"25":{"start":{"line":64,"column":16},"end":{"line":64,"column":75}},"26":{"start":{"line":70,"column":4},"end":{"line":70,"column":18}},"27":{"start":{"line":74,"column":0},"end":{"line":79,"column":2}},"28":{"start":{"line":82,"column":0},"end":{"line":567,"column":2}},"29":{"start":{"line":84,"column":1},"end":{"line":84,"column":30}},"30":{"start":{"line":87,"column":1},"end":{"line":87,"column":25}},"31":{"start":{"line":88,"column":1},"end":{"line":88,"column":30}},"32":{"start":{"line":89,"column":1},"end":{"line":89,"column":33}},"33":{"start":{"line":90,"column":1},"end":{"line":90,"column":31}},"34":{"start":{"line":91,"column":1},"end":{"line":91,"column":34}},"35":{"start":{"line":92,"column":1},"end":{"line":92,"column":32}},"36":{"start":{"line":93,"column":1},"end":{"line":93,"column":32}},"37":{"start":{"line":94,"column":1},"end":{"line":94,"column":95}},"38":{"start":{"line":95,"column":1},"end":{"line":95,"column":101}},"39":{"start":{"line":96,"column":1},"end":{"line":96,"column":104}},"40":{"start":{"line":99,"column":1},"end":{"line":99,"column":58}},"41":{"start":{"line":102,"column":1},"end":{"line":143,"column":3}},"42":{"start":{"line":103,"column":2},"end":{"line":107,"column":3}},"43":{"start":{"line":104,"column":3},"end":{"line":104,"column":66}},"44":{"start":{"line":106,"column":3},"end":{"line":106,"column":28}},"45":{"start":{"line":108,"column":2},"end":{"line":108,"column":28}},"46":{"start":{"line":109,"column":2},"end":{"line":142,"column":3}},"47":{"start":{"line":110,"column":3},"end":{"line":110,"column":44}},"48":{"start":{"line":112,"column":3},"end":{"line":112,"column":61}},"49":{"start":{"line":114,"column":3},"end":{"line":114,"column":68}},"50":{"start":{"line":116,"column":3},"end":{"line":116,"column":65}},"51":{"start":{"line":120,"column":3},"end":{"line":125,"column":6}},"52":{"start":{"line":127,"column":3},"end":{"line":127,"column":71}},"53":{"start":{"line":129,"column":3},"end":{"line":129,"column":102}},"54":{"start":{"line":132,"column":3},"end":{"line":141,"column":5}},"55":{"start":{"line":134,"column":5},"end":{"line":134,"column":26}},"56":{"start":{"line":135,"column":5},"end":{"line":139,"column":6}},"57":{"start":{"line":140,"column":4},"end":{"line":140,"column":50}},"58":{"start":{"line":146,"column":1},"end":{"line":195,"column":3}},"59":{"start":{"line":147,"column":2},"end":{"line":147,"column":52}},"60":{"start":{"line":148,"column":2},"end":{"line":148,"column":59}},"61":{"start":{"line":151,"column":2},"end":{"line":194,"column":3}},"62":{"start":{"line":154,"column":3},"end":{"line":156,"column":4}},"63":{"start":{"line":159,"column":3},"end":{"line":161,"column":4}},"64":{"start":{"line":164,"column":3},"end":{"line":164,"column":58}},"65":{"start":{"line":165,"column":3},"end":{"line":165,"column":30}},"66":{"start":{"line":168,"column":3},"end":{"line":168,"column":72}},"67":{"start":{"line":169,"column":3},"end":{"line":169,"column":58}},"68":{"start":{"line":172,"column":3},"end":{"line":172,"column":73}},"69":{"start":{"line":175,"column":3},"end":{"line":175,"column":56}},"70":{"start":{"line":178,"column":3},"end":{"line":178,"column":26}},"71":{"start":{"line":181,"column":3},"end":{"line":181,"column":33}},"72":{"start":{"line":184,"column":3},"end":{"line":184,"column":33}},"73":{"start":{"line":187,"column":3},"end":{"line":187,"column":55}},"74":{"start":{"line":190,"column":3},"end":{"line":190,"column":35}},"75":{"start":{"line":191,"column":9},"end":{"line":194,"column":3}},"76":{"start":{"line":193,"column":3},"end":{"line":193,"column":28}},"77":{"start":{"line":197,"column":1},"end":{"line":201,"column":3}},"78":{"start":{"line":198,"column":2},"end":{"line":200,"column":3}},"79":{"start":{"line":199,"column":3},"end":{"line":199,"column":45}},"80":{"start":{"line":202,"column":1},"end":{"line":209,"column":3}},"81":{"start":{"line":203,"column":2},"end":{"line":208,"column":3}},"82":{"start":{"line":205,"column":3},"end":{"line":205,"column":94}},"83":{"start":{"line":207,"column":3},"end":{"line":207,"column":75}},"84":{"start":{"line":211,"column":1},"end":{"line":215,"column":3}},"85":{"start":{"line":213,"column":2},"end":{"line":213,"column":48}},"86":{"start":{"line":214,"column":2},"end":{"line":214,"column":28}},"87":{"start":{"line":217,"column":1},"end":{"line":224,"column":3}},"88":{"start":{"line":218,"column":2},"end":{"line":218,"column":55}},"89":{"start":{"line":221,"column":2},"end":{"line":223,"column":3}},"90":{"start":{"line":222,"column":3},"end":{"line":222,"column":36}},"91":{"start":{"line":227,"column":1},"end":{"line":236,"column":5}},"92":{"start":{"line":229,"column":4},"end":{"line":235,"column":39}},"93":{"start":{"line":238,"column":3},"end":{"line":241,"column":3}},"94":{"start":{"line":244,"column":1},"end":{"line":261,"column":3}},"95":{"start":{"line":246,"column":2},"end":{"line":246,"column":52}},"96":{"start":{"line":249,"column":2},"end":{"line":249,"column":32}},"97":{"start":{"line":252,"column":2},"end":{"line":252,"column":95}},"98":{"start":{"line":255,"column":2},"end":{"line":257,"column":3}},"99":{"start":{"line":256,"column":3},"end":{"line":256,"column":109}},"100":{"start":{"line":260,"column":2},"end":{"line":260,"column":72}},"101":{"start":{"line":263,"column":1},"end":{"line":404,"column":3}},"102":{"start":{"line":271,"column":3},"end":{"line":271,"column":43}},"103":{"start":{"line":274,"column":3},"end":{"line":274,"column":59}},"104":{"start":{"line":277,"column":3},"end":{"line":277,"column":29}},"105":{"start":{"line":281,"column":3},"end":{"line":281,"column":56}},"106":{"start":{"line":283,"column":3},"end":{"line":283,"column":95}},"107":{"start":{"line":286,"column":3},"end":{"line":286,"column":46}},"108":{"start":{"line":289,"column":3},"end":{"line":289,"column":33}},"109":{"start":{"line":292,"column":3},"end":{"line":292,"column":47}},"110":{"start":{"line":294,"column":3},"end":{"line":304,"column":4}},"111":{"start":{"line":296,"column":4},"end":{"line":303,"column":7}},"112":{"start":{"line":298,"column":5},"end":{"line":298,"column":59}},"113":{"start":{"line":299,"column":5},"end":{"line":299,"column":55}},"114":{"start":{"line":302,"column":5},"end":{"line":302,"column":40}},"115":{"start":{"line":309,"column":3},"end":{"line":309,"column":47}},"116":{"start":{"line":312,"column":3},"end":{"line":312,"column":68}},"117":{"start":{"line":315,"column":3},"end":{"line":333,"column":4}},"118":{"start":{"line":316,"column":4},"end":{"line":332,"column":5}},"119":{"start":{"line":317,"column":5},"end":{"line":331,"column":6}},"120":{"start":{"line":318,"column":6},"end":{"line":318,"column":28}},"121":{"start":{"line":319,"column":6},"end":{"line":319,"column":42}},"122":{"start":{"line":321,"column":6},"end":{"line":327,"column":7}},"123":{"start":{"line":323,"column":7},"end":{"line":326,"column":8}},"124":{"start":{"line":324,"column":8},"end":{"line":324,"column":25}},"125":{"start":{"line":325,"column":8},"end":{"line":325,"column":14}},"126":{"start":{"line":328,"column":6},"end":{"line":330,"column":7}},"127":{"start":{"line":329,"column":7},"end":{"line":329,"column":53}},"128":{"start":{"line":336,"column":3},"end":{"line":338,"column":4}},"129":{"start":{"line":337,"column":4},"end":{"line":337,"column":43}},"130":{"start":{"line":342,"column":3},"end":{"line":345,"column":4}},"131":{"start":{"line":343,"column":4},"end":{"line":343,"column":71}},"132":{"start":{"line":344,"column":4},"end":{"line":344,"column":44}},"133":{"start":{"line":349,"column":3},"end":{"line":352,"column":5}},"134":{"start":{"line":353,"column":3},"end":{"line":353,"column":57}},"135":{"start":{"line":354,"column":3},"end":{"line":354,"column":53}},"136":{"start":{"line":355,"column":3},"end":{"line":355,"column":75}},"137":{"start":{"line":359,"column":3},"end":{"line":365,"column":5}},"138":{"start":{"line":366,"column":3},"end":{"line":366,"column":35}},"139":{"start":{"line":370,"column":3},"end":{"line":370,"column":44}},"140":{"start":{"line":371,"column":3},"end":{"line":371,"column":42}},"141":{"start":{"line":373,"column":3},"end":{"line":373,"column":76}},"142":{"start":{"line":374,"column":3},"end":{"line":374,"column":15}},"143":{"start":{"line":378,"column":3},"end":{"line":378,"column":43}},"144":{"start":{"line":379,"column":3},"end":{"line":379,"column":63}},"145":{"start":{"line":381,"column":3},"end":{"line":381,"column":43}},"146":{"start":{"line":382,"column":3},"end":{"line":382,"column":14}},"147":{"start":{"line":386,"column":3},"end":{"line":387,"column":27}},"148":{"start":{"line":389,"column":3},"end":{"line":392,"column":4}},"149":{"start":{"line":390,"column":4},"end":{"line":390,"column":91}},"150":{"start":{"line":391,"column":4},"end":{"line":391,"column":99}},"151":{"start":{"line":394,"column":3},"end":{"line":394,"column":16}},"152":{"start":{"line":398,"column":3},"end":{"line":398,"column":73}},"153":{"start":{"line":402,"column":3},"end":{"line":402,"column":48}},"154":{"start":{"line":406,"column":1},"end":{"line":536,"column":3}},"155":{"start":{"line":410,"column":3},"end":{"line":410,"column":33}},"156":{"start":{"line":413,"column":3},"end":{"line":413,"column":28}},"157":{"start":{"line":415,"column":3},"end":{"line":446,"column":4}},"158":{"start":{"line":417,"column":4},"end":{"line":417,"column":55}},"159":{"start":{"line":420,"column":4},"end":{"line":420,"column":127}},"160":{"start":{"line":423,"column":4},"end":{"line":423,"column":24}},"161":{"start":{"line":426,"column":4},"end":{"line":439,"column":5}},"162":{"start":{"line":427,"column":5},"end":{"line":427,"column":32}},"163":{"start":{"line":429,"column":5},"end":{"line":438,"column":6}},"164":{"start":{"line":430,"column":6},"end":{"line":437,"column":7}},"165":{"start":{"line":432,"column":7},"end":{"line":432,"column":66}},"166":{"start":{"line":433,"column":7},"end":{"line":433,"column":57}},"167":{"start":{"line":436,"column":7},"end":{"line":436,"column":80}},"168":{"start":{"line":442,"column":4},"end":{"line":442,"column":48}},"169":{"start":{"line":445,"column":4},"end":{"line":445,"column":44}},"170":{"start":{"line":449,"column":3},"end":{"line":452,"column":4}},"171":{"start":{"line":450,"column":4},"end":{"line":450,"column":76}},"172":{"start":{"line":451,"column":4},"end":{"line":451,"column":49}},"173":{"start":{"line":456,"column":3},"end":{"line":456,"column":49}},"174":{"start":{"line":457,"column":3},"end":{"line":457,"column":48}},"175":{"start":{"line":459,"column":3},"end":{"line":463,"column":4}},"176":{"start":{"line":460,"column":4},"end":{"line":460,"column":80}},"177":{"start":{"line":461,"column":4},"end":{"line":461,"column":62}},"178":{"start":{"line":462,"column":4},"end":{"line":462,"column":35}},"179":{"start":{"line":467,"column":3},"end":{"line":467,"column":103}},"180":{"start":{"line":468,"column":3},"end":{"line":468,"column":20}},"181":{"start":{"line":474,"column":4},"end":{"line":474,"column":45}},"182":{"start":{"line":475,"column":4},"end":{"line":475,"column":32}},"183":{"start":{"line":476,"column":4},"end":{"line":476,"column":44}},"184":{"start":{"line":479,"column":4},"end":{"line":479,"column":48}},"185":{"start":{"line":480,"column":4},"end":{"line":480,"column":26}},"186":{"start":{"line":481,"column":4},"end":{"line":481,"column":27}},"187":{"start":{"line":484,"column":4},"end":{"line":484,"column":48}},"188":{"start":{"line":485,"column":4},"end":{"line":485,"column":39}},"189":{"start":{"line":486,"column":4},"end":{"line":486,"column":36}},"190":{"start":{"line":487,"column":4},"end":{"line":487,"column":39}},"191":{"start":{"line":488,"column":4},"end":{"line":488,"column":27}},"192":{"start":{"line":489,"column":4},"end":{"line":489,"column":15}},"193":{"start":{"line":493,"column":4},"end":{"line":493,"column":44}},"194":{"start":{"line":494,"column":4},"end":{"line":494,"column":32}},"195":{"start":{"line":495,"column":4},"end":{"line":495,"column":26}},"196":{"start":{"line":496,"column":4},"end":{"line":496,"column":15}},"197":{"start":{"line":501,"column":3},"end":{"line":501,"column":42}},"198":{"start":{"line":502,"column":3},"end":{"line":502,"column":34}},"199":{"start":{"line":503,"column":3},"end":{"line":503,"column":43}},"200":{"start":{"line":504,"column":3},"end":{"line":504,"column":45}},"201":{"start":{"line":506,"column":3},"end":{"line":506,"column":54}},"202":{"start":{"line":508,"column":3},"end":{"line":508,"column":71}},"203":{"start":{"line":511,"column":3},"end":{"line":511,"column":26}},"204":{"start":{"line":514,"column":3},"end":{"line":514,"column":96}},"205":{"start":{"line":517,"column":3},"end":{"line":517,"column":83}},"206":{"start":{"line":518,"column":3},"end":{"line":520,"column":4}},"207":{"start":{"line":519,"column":4},"end":{"line":519,"column":44}},"208":{"start":{"line":523,"column":3},"end":{"line":523,"column":100}},"209":{"start":{"line":524,"column":3},"end":{"line":526,"column":4}},"210":{"start":{"line":525,"column":4},"end":{"line":525,"column":52}},"211":{"start":{"line":530,"column":3},"end":{"line":534,"column":4}},"212":{"start":{"line":531,"column":4},"end":{"line":533,"column":5}},"213":{"start":{"line":532,"column":5},"end":{"line":532,"column":65}},"214":{"start":{"line":538,"column":1},"end":{"line":560,"column":3}},"215":{"start":{"line":541,"column":3},"end":{"line":541,"column":56}},"216":{"start":{"line":542,"column":3},"end":{"line":542,"column":44}},"217":{"start":{"line":543,"column":3},"end":{"line":543,"column":51}},"218":{"start":{"line":546,"column":6},"end":{"line":546,"column":50}},"219":{"start":{"line":547,"column":6},"end":{"line":547,"column":39}},"220":{"start":{"line":548,"column":6},"end":{"line":548,"column":44}},"221":{"start":{"line":551,"column":3},"end":{"line":551,"column":88}},"222":{"start":{"line":555,"column":3},"end":{"line":555,"column":75}},"223":{"start":{"line":556,"column":3},"end":{"line":558,"column":4}},"224":{"start":{"line":557,"column":4},"end":{"line":557,"column":51}},"225":{"start":{"line":563,"column":1},"end":{"line":563,"column":17}},"226":{"start":{"line":566,"column":1},"end":{"line":566,"column":17}}},"branchMap":{"1":{"line":11,"type":"if","locations":[{"start":{"line":11,"column":4},"end":{"line":11,"column":4}},{"start":{"line":11,"column":4},"end":{"line":11,"column":4}}]},"2":{"line":15,"type":"binary-expr","locations":[{"start":{"line":15,"column":23},"end":{"line":15,"column":39}},{"start":{"line":15,"column":43},"end":{"line":15,"column":68}}]},"3":{"line":44,"type":"binary-expr","locations":[{"start":{"line":44,"column":35},"end":{"line":44,"column":59}},{"start":{"line":44,"column":63},"end":{"line":44,"column":65}}]},"4":{"line":52,"type":"if","locations":[{"start":{"line":52,"column":8},"end":{"line":52,"column":8}},{"start":{"line":52,"column":8},"end":{"line":52,"column":8}}]},"5":{"line":84,"type":"binary-expr","locations":[{"start":{"line":84,"column":16},"end":{"line":84,"column":23}},{"start":{"line":84,"column":27},"end":{"line":84,"column":29}}]},"6":{"line":94,"type":"binary-expr","locations":[{"start":{"line":94,"column":24},"end":{"line":94,"column":44}},{"start":{"line":94,"column":48},"end":{"line":94,"column":94}}]},"7":{"line":95,"type":"binary-expr","locations":[{"start":{"line":95,"column":28},"end":{"line":95,"column":52}},{"start":{"line":95,"column":56},"end":{"line":95,"column":100}}]},"8":{"line":96,"type":"binary-expr","locations":[{"start":{"line":96,"column":29},"end":{"line":96,"column":54}},{"start":{"line":96,"column":58},"end":{"line":96,"column":103}}]},"9":{"line":103,"type":"if","locations":[{"start":{"line":103,"column":2},"end":{"line":103,"column":2}},{"start":{"line":103,"column":2},"end":{"line":103,"column":2}}]},"10":{"line":109,"type":"if","locations":[{"start":{"line":109,"column":2},"end":{"line":109,"column":2}},{"start":{"line":109,"column":2},"end":{"line":109,"column":2}}]},"11":{"line":151,"type":"if","locations":[{"start":{"line":151,"column":2},"end":{"line":151,"column":2}},{"start":{"line":151,"column":2},"end":{"line":151,"column":2}}]},"12":{"line":154,"type":"if","locations":[{"start":{"line":154,"column":3},"end":{"line":154,"column":3}},{"start":{"line":154,"column":3},"end":{"line":154,"column":3}}]},"13":{"line":154,"type":"binary-expr","locations":[{"start":{"line":154,"column":6},"end":{"line":154,"column":22}},{"start":{"line":154,"column":26},"end":{"line":154,"column":57}}]},"14":{"line":159,"type":"if","locations":[{"start":{"line":159,"column":3},"end":{"line":159,"column":3}},{"start":{"line":159,"column":3},"end":{"line":159,"column":3}}]},"15":{"line":159,"type":"binary-expr","locations":[{"start":{"line":159,"column":6},"end":{"line":159,"column":36}},{"start":{"line":159,"column":40},"end":{"line":159,"column":85}}]},"16":{"line":191,"type":"if","locations":[{"start":{"line":191,"column":9},"end":{"line":191,"column":9}},{"start":{"line":191,"column":9},"end":{"line":191,"column":9}}]},"17":{"line":198,"type":"if","locations":[{"start":{"line":198,"column":2},"end":{"line":198,"column":2}},{"start":{"line":198,"column":2},"end":{"line":198,"column":2}}]},"18":{"line":203,"type":"if","locations":[{"start":{"line":203,"column":2},"end":{"line":203,"column":2}},{"start":{"line":203,"column":2},"end":{"line":203,"column":2}}]},"19":{"line":221,"type":"if","locations":[{"start":{"line":221,"column":2},"end":{"line":221,"column":2}},{"start":{"line":221,"column":2},"end":{"line":221,"column":2}}]},"20":{"line":229,"type":"binary-expr","locations":[{"start":{"line":229,"column":12},"end":{"line":229,"column":28}},{"start":{"line":231,"column":4},"end":{"line":231,"column":37}},{"start":{"line":233,"column":4},"end":{"line":233,"column":58}},{"start":{"line":235,"column":4},"end":{"line":235,"column":37}}]},"21":{"line":255,"type":"if","locations":[{"start":{"line":255,"column":2},"end":{"line":255,"column":2}},{"start":{"line":255,"column":2},"end":{"line":255,"column":2}}]},"22":{"line":281,"type":"binary-expr","locations":[{"start":{"line":281,"column":23},"end":{"line":281,"column":28}},{"start":{"line":281,"column":32},"end":{"line":281,"column":55}}]},"23":{"line":283,"type":"binary-expr","locations":[{"start":{"line":283,"column":33},"end":{"line":283,"column":60}},{"start":{"line":283,"column":64},"end":{"line":283,"column":94}}]},"24":{"line":294,"type":"if","locations":[{"start":{"line":294,"column":3},"end":{"line":294,"column":3}},{"start":{"line":294,"column":3},"end":{"line":294,"column":3}}]},"25":{"line":312,"type":"binary-expr","locations":[{"start":{"line":312,"column":24},"end":{"line":312,"column":61}},{"start":{"line":312,"column":65},"end":{"line":312,"column":67}}]},"26":{"line":315,"type":"if","locations":[{"start":{"line":315,"column":3},"end":{"line":315,"column":3}},{"start":{"line":315,"column":3},"end":{"line":315,"column":3}}]},"27":{"line":317,"type":"if","locations":[{"start":{"line":317,"column":5},"end":{"line":317,"column":5}},{"start":{"line":317,"column":5},"end":{"line":317,"column":5}}]},"28":{"line":317,"type":"binary-expr","locations":[{"start":{"line":317,"column":8},"end":{"line":317,"column":30}},{"start":{"line":317,"column":34},"end":{"line":317,"column":92}}]},"29":{"line":323,"type":"if","locations":[{"start":{"line":323,"column":7},"end":{"line":323,"column":7}},{"start":{"line":323,"column":7},"end":{"line":323,"column":7}}]},"30":{"line":328,"type":"if","locations":[{"start":{"line":328,"column":6},"end":{"line":328,"column":6}},{"start":{"line":328,"column":6},"end":{"line":328,"column":6}}]},"31":{"line":336,"type":"if","locations":[{"start":{"line":336,"column":3},"end":{"line":336,"column":3}},{"start":{"line":336,"column":3},"end":{"line":336,"column":3}}]},"32":{"line":342,"type":"if","locations":[{"start":{"line":342,"column":3},"end":{"line":342,"column":3}},{"start":{"line":342,"column":3},"end":{"line":342,"column":3}}]},"33":{"line":386,"type":"binary-expr","locations":[{"start":{"line":386,"column":20},"end":{"line":386,"column":32}},{"start":{"line":386,"column":36},"end":{"line":386,"column":38}}]},"34":{"line":415,"type":"if","locations":[{"start":{"line":415,"column":3},"end":{"line":415,"column":3}},{"start":{"line":415,"column":3},"end":{"line":415,"column":3}}]},"35":{"line":420,"type":"binary-expr","locations":[{"start":{"line":420,"column":39},"end":{"line":420,"column":73}},{"start":{"line":420,"column":77},"end":{"line":420,"column":126}}]},"36":{"line":430,"type":"if","locations":[{"start":{"line":430,"column":6},"end":{"line":430,"column":6}},{"start":{"line":430,"column":6},"end":{"line":430,"column":6}}]},"37":{"line":449,"type":"if","locations":[{"start":{"line":449,"column":3},"end":{"line":449,"column":3}},{"start":{"line":449,"column":3},"end":{"line":449,"column":3}}]},"38":{"line":459,"type":"if","locations":[{"start":{"line":459,"column":3},"end":{"line":459,"column":3}},{"start":{"line":459,"column":3},"end":{"line":459,"column":3}}]},"39":{"line":530,"type":"if","locations":[{"start":{"line":530,"column":3},"end":{"line":530,"column":3}},{"start":{"line":530,"column":3},"end":{"line":530,"column":3}}]},"40":{"line":556,"type":"if","locations":[{"start":{"line":556,"column":3},"end":{"line":556,"column":3}},{"start":{"line":556,"column":3},"end":{"line":556,"column":3}}]}}},"src\\js\\missyEndpoint.js":{"path":"src\\js\\missyEndpoint.js","s":{"1":1},"b":{},"f":{},"fnMap":{},"statementMap":{"1":{"start":{"line":1,"column":0},"end":{"line":3,"column":2}}},"branchMap":{}},"src\\js\\requestFactory.js":{"path":"src\\js\\requestFactory.js","s":{"1":1,"2":0,"3":0,"4":0,"5":0,"6":0,"7":0,"8":0,"9":0,"10":0,"11":0,"12":0,"13":0,"14":0,"15":0,"16":0,"17":0,"18":0,"19":0,"20":0,"21":0,"22":0,"23":0,"24":0,"25":0,"26":0},"b":{"1":[0,0],"2":[0,0],"3":[0,0],"4":[0,0]},"f":{"1":0,"2":0,"3":0,"4":0,"5":0,"6":0,"7":0,"8":0,"9":0},"fnMap":{"1":{"name":"(anonymous_1)","line":2,"loc":{"start":{"line":2,"column":37},"end":{"line":2,"column":47}}},"2":{"name":"(anonymous_2)","line":5,"loc":{"start":{"line":5,"column":7},"end":{"line":5,"column":30}}},"3":{"name":"(anonymous_3)","line":10,"loc":{"start":{"line":10,"column":35},"end":{"line":10,"column":46}}},"4":{"name":"(anonymous_4)","line":19,"loc":{"start":{"line":19,"column":36},"end":{"line":19,"column":47}}},"5":{"name":"(anonymous_5)","line":23,"loc":{"start":{"line":23,"column":38},"end":{"line":23,"column":49}}},"6":{"name":"(anonymous_6)","line":29,"loc":{"start":{"line":29,"column":8},"end":{"line":29,"column":37}}},"7":{"name":"(anonymous_7)","line":34,"loc":{"start":{"line":34,"column":35},"end":{"line":34,"column":46}}},"8":{"name":"(anonymous_8)","line":43,"loc":{"start":{"line":43,"column":36},"end":{"line":43,"column":47}}},"9":{"name":"(anonymous_9)","line":47,"loc":{"start":{"line":47,"column":38},"end":{"line":47,"column":49}}}},"statementMap":{"1":{"start":{"line":2,"column":0},"end":{"line":56,"column":2}},"2":{"start":{"line":3,"column":1},"end":{"line":53,"column":3}},"3":{"start":{"line":6,"column":3},"end":{"line":6,"column":49}},"4":{"start":{"line":7,"column":3},"end":{"line":7,"column":49}},"5":{"start":{"line":8,"column":3},"end":{"line":8,"column":41}},"6":{"start":{"line":10,"column":3},"end":{"line":17,"column":5}},"7":{"start":{"line":11,"column":4},"end":{"line":16,"column":5}},"8":{"start":{"line":13,"column":8},"end":{"line":13,"column":67}},"9":{"start":{"line":14,"column":8},"end":{"line":14,"column":26}},"10":{"start":{"line":15,"column":8},"end":{"line":15,"column":23}},"11":{"start":{"line":19,"column":3},"end":{"line":21,"column":5}},"12":{"start":{"line":23,"column":3},"end":{"line":25,"column":5}},"13":{"start":{"line":27,"column":3},"end":{"line":27,"column":33}},"14":{"start":{"line":30,"column":3},"end":{"line":30,"column":49}},"15":{"start":{"line":31,"column":3},"end":{"line":31,"column":50}},"16":{"start":{"line":32,"column":3},"end":{"line":32,"column":41}},"17":{"start":{"line":33,"column":3},"end":{"line":33,"column":79}},"18":{"start":{"line":34,"column":3},"end":{"line":41,"column":5}},"19":{"start":{"line":35,"column":4},"end":{"line":40,"column":5}},"20":{"start":{"line":37,"column":8},"end":{"line":37,"column":67}},"21":{"start":{"line":38,"column":8},"end":{"line":38,"column":26}},"22":{"start":{"line":39,"column":8},"end":{"line":39,"column":23}},"23":{"start":{"line":43,"column":3},"end":{"line":45,"column":5}},"24":{"start":{"line":47,"column":3},"end":{"line":49,"column":5}},"25":{"start":{"line":51,"column":3},"end":{"line":51,"column":53}},"26":{"start":{"line":55,"column":1},"end":{"line":55,"column":16}}},"branchMap":{"1":{"line":11,"type":"if","locations":[{"start":{"line":11,"column":4},"end":{"line":11,"column":4}},{"start":{"line":11,"column":4},"end":{"line":11,"column":4}}]},"2":{"line":11,"type":"binary-expr","locations":[{"start":{"line":11,"column":8},"end":{"line":11,"column":44}},{"start":{"line":11,"column":48},"end":{"line":11,"column":83}}]},"3":{"line":35,"type":"if","locations":[{"start":{"line":35,"column":4},"end":{"line":35,"column":4}},{"start":{"line":35,"column":4},"end":{"line":35,"column":4}}]},"4":{"line":35,"type":"binary-expr","locations":[{"start":{"line":35,"column":8},"end":{"line":35,"column":44}},{"start":{"line":35,"column":48},"end":{"line":35,"column":83}}]}}}}